<?xml version="1.0" encoding="UTF-8"?>
<!-- Generated by org.testng.reporters.JUnitReportReporter -->
<testsuite hostname="LAPTOP-HP061ABI" failures="0" tests="1" name="automation_Practice.UI_Testing" time="22.493" errors="0" timestamp="2024-08-12T09:48:55 IST" skipped="0">
  <testcase classname="automation_Practice.UI_Testing" name="openBrowser" time="22.493"/>
  <system-out/>
</testsuite> <!-- automation_Practice.UI_Testing -->
